0 info it worked if it ends with ok
1 verbose cli [ '/usr/bin/node', '/usr/bin/npm', 'install', 'mongodb' ]
2 info using npm@1.4.28
3 info using node@v0.10.39
4 verbose node symlink /usr/bin/node
5 verbose config Skipping project config: /home/jiri/.npmrc. (matches userconfig)
6 verbose cache add [ 'mongodb', null ]
7 verbose cache add name=undefined spec="mongodb" args=["mongodb",null]
8 verbose parsed url { protocol: null,
8 verbose parsed url   slashes: null,
8 verbose parsed url   auth: null,
8 verbose parsed url   host: null,
8 verbose parsed url   port: null,
8 verbose parsed url   hostname: null,
8 verbose parsed url   hash: null,
8 verbose parsed url   search: null,
8 verbose parsed url   query: null,
8 verbose parsed url   pathname: 'mongodb',
8 verbose parsed url   path: 'mongodb',
8 verbose parsed url   href: 'mongodb' }
9 silly lockFile 7f1c982e-mongodb mongodb
10 verbose lock mongodb /home/jiri/.npm/7f1c982e-mongodb.lock
11 silly lockFile 7f1c982e-mongodb mongodb
12 silly lockFile 7f1c982e-mongodb mongodb
13 verbose addNamed [ 'mongodb', '' ]
14 verbose addNamed [ null, '*' ]
15 silly lockFile 886df635-mongodb mongodb@
16 verbose lock mongodb@ /home/jiri/.npm/886df635-mongodb.lock
17 silly addNameRange { name: 'mongodb', range: '*', hasData: false }
18 verbose request where is /mongodb
19 verbose request registry https://registry.npmjs.org/
20 verbose request id 9a4073de41f15695
21 verbose url raw /mongodb
22 verbose url resolving [ 'https://registry.npmjs.org/', './mongodb' ]
23 verbose url resolved https://registry.npmjs.org/mongodb
24 verbose request where is https://registry.npmjs.org/mongodb
25 info trying registry request attempt 1 at 00:24:36
26 verbose etag "55JUD0GODWOXHUPHOIOXINLBI"
27 http GET https://registry.npmjs.org/mongodb
28 http 200 https://registry.npmjs.org/mongodb
29 silly registry.get cb [ 200,
29 silly registry.get   { server: 'CouchDB/1.5.0 (Erlang OTP/R16B03)',
29 silly registry.get     etag: '"AON3KVQ07DG2M8XPHEVO808OC"',
29 silly registry.get     'content-type': 'application/json',
29 silly registry.get     'cache-control': 'max-age=60',
29 silly registry.get     'content-length': '463061',
29 silly registry.get     'accept-ranges': 'bytes',
29 silly registry.get     date: 'Thu, 02 Jul 2015 04:24:36 GMT',
29 silly registry.get     via: '1.1 varnish',
29 silly registry.get     age: '51',
29 silly registry.get     connection: 'keep-alive',
29 silly registry.get     'x-served-by': 'cache-atl6222-ATL',
29 silly registry.get     'x-cache': 'HIT',
29 silly registry.get     'x-cache-hits': '5',
29 silly registry.get     'x-timer': 'S1435811076.812449,VS0,VE0',
29 silly registry.get     vary: 'Accept' } ]
30 silly addNameRange number 2 { name: 'mongodb', range: '*', hasData: true }
31 silly addNameRange versions [ 'mongodb',
31 silly addNameRange   [ '0.9.4',
31 silly addNameRange     '0.9.4-4',
31 silly addNameRange     '0.9.3',
31 silly addNameRange     '0.9.1',
31 silly addNameRange     '0.9.2',
31 silly addNameRange     '0.9.6-7',
31 silly addNameRange     '0.9.6-8',
31 silly addNameRange     '0.9.6-9',
31 silly addNameRange     '0.9.6-10',
31 silly addNameRange     '0.9.6-11',
31 silly addNameRange     '0.9.6-12',
31 silly addNameRange     '0.9.6-13',
31 silly addNameRange     '0.9.6-14',
31 silly addNameRange     '0.9.6-15',
31 silly addNameRange     '0.9.6-16',
31 silly addNameRange     '0.9.6-17',
31 silly addNameRange     '0.9.6-18',
31 silly addNameRange     '0.9.6-19',
31 silly addNameRange     '0.9.6-20',
31 silly addNameRange     '0.9.6-21',
31 silly addNameRange     '0.9.6-22',
31 silly addNameRange     '0.9.6-23',
31 silly addNameRange     '0.9.7',
31 silly addNameRange     '0.9.7-0',
31 silly addNameRange     '0.9.7-1',
31 silly addNameRange     '0.9.7-1.1',
31 silly addNameRange     '0.9.7-1.2',
31 silly addNameRange     '0.9.7-1.3',
31 silly addNameRange     '0.9.7-1.4',
31 silly addNameRange     '0.9.7-2',
31 silly addNameRange     '0.9.7-2-1',
31 silly addNameRange     '0.9.7-2-2',
31 silly addNameRange     '0.9.7-2-3',
31 silly addNameRange     '0.9.7-2-4',
31 silly addNameRange     '0.9.7-2-5',
31 silly addNameRange     '0.9.7-3',
31 silly addNameRange     '0.9.7-3-1',
31 silly addNameRange     '0.9.7-3-2',
31 silly addNameRange     '0.9.7-3-3',
31 silly addNameRange     '0.9.7-3-4',
31 silly addNameRange     '0.9.7-3-5',
31 silly addNameRange     '0.9.8',
31 silly addNameRange     '0.9.8-1',
31 silly addNameRange     '0.9.8-2',
31 silly addNameRange     '0.9.8-3',
31 silly addNameRange     '0.9.8-4',
31 silly addNameRange     '0.9.8-5',
31 silly addNameRange     '0.9.8-6',
31 silly addNameRange     '0.9.8-7',
31 silly addNameRange     '0.9.9',
31 silly addNameRange     '0.9.9-1',
31 silly addNameRange     '0.9.9-2',
31 silly addNameRange     '0.9.9-3',
31 silly addNameRange     '0.9.9-4',
31 silly addNameRange     '0.9.9-5',
31 silly addNameRange     '0.9.9-6',
31 silly addNameRange     '0.9.9-7',
31 silly addNameRange     '0.9.9-8',
31 silly addNameRange     '1.0.0',
31 silly addNameRange     '1.0.1',
31 silly addNameRange     '1.0.2',
31 silly addNameRange     '1.1.0-beta',
31 silly addNameRange     '1.1.0',
31 silly addNameRange     '1.1.1',
31 silly addNameRange     '1.1.2',
31 silly addNameRange     '1.1.3',
31 silly addNameRange     '1.1.4',
31 silly addNameRange     '1.1.5',
31 silly addNameRange     '1.1.6',
31 silly addNameRange     '1.1.7',
31 silly addNameRange     '1.1.8',
31 silly addNameRange     '1.1.9',
31 silly addNameRange     '1.1.10',
31 silly addNameRange     '1.1.11',
31 silly addNameRange     '1.2.0',
31 silly addNameRange     '1.2.1',
31 silly addNameRange     '1.2.2',
31 silly addNameRange     '1.2.3',
31 silly addNameRange     '1.2.4',
31 silly addNameRange     '1.2.5',
31 silly addNameRange     '1.2.6',
31 silly addNameRange     '1.2.7',
31 silly addNameRange     '1.2.8',
31 silly addNameRange     '1.2.9',
31 silly addNameRange     '1.2.10',
31 silly addNameRange     '1.2.11',
31 silly addNameRange     '1.2.12',
31 silly addNameRange     '1.2.13',
31 silly addNameRange     '1.2.14',
31 silly addNameRange     '1.3.0',
31 silly addNameRange     '1.3.1',
31 silly addNameRange     '1.3.2',
31 silly addNameRange     '1.3.3',
31 silly addNameRange     '1.3.4',
31 silly addNameRange     '1.3.5',
31 silly addNameRange     '1.3.6',
31 silly addNameRange     '1.3.7',
31 silly addNameRange     '1.3.8',
31 silly addNameRange     '1.3.9',
31 silly addNameRange     '1.3.10',
31 silly addNameRange     '1.3.11',
31 silly addNameRange     '1.3.12',
31 silly addNameRange     '1.3.14',
31 silly addNameRange     '1.3.15',
31 silly addNameRange     '1.3.17',
31 silly addNameRange     '1.3.18',
31 silly addNameRange     '1.3.19',
31 silly addNameRange     '1.4.0-rc2',
31 silly addNameRange     '1.3.20',
31 silly addNameRange     '1.4.0-rc3',
31 silly addNameRange     '1.3.21',
31 silly addNameRange     '1.3.22',
31 silly addNameRange     '1.3.23',
31 silly addNameRange     '1.4.0-rc4',
31 silly addNameRange     '1.4.0-rc5',
31 silly addNameRange     '1.4.0-rc6',
31 silly addNameRange     '1.4.0-rc7',
31 silly addNameRange     '1.4.0-rc8',
31 silly addNameRange     '1.4.0-rc9',
31 silly addNameRange     '1.4.0-rc10',
31 silly addNameRange     '1.4.0',
31 silly addNameRange     '1.4.1',
31 silly addNameRange     '1.4.2',
31 silly addNameRange     '1.4.3',
31 silly addNameRange     '1.4.4',
31 silly addNameRange     '1.4.5',
31 silly addNameRange     '1.4.6',
31 silly addNameRange     '1.4.7',
31 silly addNameRange     '1.4.8',
31 silly addNameRange     '1.4.9',
31 silly addNameRange     '1.4.10',
31 silly addNameRange     '2.0.0-alpha1',
31 silly addNameRange     '1.4.11',
31 silly addNameRange     '1.4.12',
31 silly addNameRange     '1.4.14',
31 silly addNameRange     '1.4.15',
31 silly addNameRange     '1.4.16',
31 silly addNameRange     '1.4.17',
31 silly addNameRange     '2.0.0-alpha2',
31 silly addNameRange     '1.4.18',
31 silly addNameRange     '2.0.0',
31 silly addNameRange     '2.0.1',
31 silly addNameRange     '2.0.2',
31 silly addNameRange     '1.4.19',
31 silly addNameRange     '2.0.3',
31 silly addNameRange     '2.0.4',
31 silly addNameRange     '2.0.5',
31 silly addNameRange     '2.0.6',
31 silly addNameRange     '1.4.20',
31 silly addNameRange     '1.4.22',
31 silly addNameRange     '2.0.7',
31 silly addNameRange     '2.0.8',
31 silly addNameRange     '2.0.9',
31 silly addNameRange     '1.4.23',
31 silly addNameRange     '2.0.10',
31 silly addNameRange     '1.4.24',
31 silly addNameRange     '2.0.11',
31 silly addNameRange     '1.4.25',
31 silly addNameRange     '2.0.12',
31 silly addNameRange     '1.4.26',
31 silly addNameRange     '1.4.27',
31 silly addNameRange     '1.4.28',
31 silly addNameRange     '2.0.13',
31 silly addNameRange     '2.0.14',
31 silly addNameRange     '1.4.29',
31 silly addNameRange     '2.0.15',
31 silly addNameRange     '1.4.30',
31 silly addNameRange     '2.0.16',
31 silly addNameRange     '1.4.31',
31 silly addNameRange     '2.0.17',
31 silly addNameRange     '1.4.32',
31 silly addNameRange     '2.0.18',
31 silly addNameRange     '2.0.19',
31 silly addNameRange     '1.4.33',
31 silly addNameRange     '2.0.20',
31 silly addNameRange     '2.0.21',
31 silly addNameRange     '1.4.34',
31 silly addNameRange     '2.0.22',
31 silly addNameRange     '2.0.23',
31 silly addNameRange     '1.4.35',
31 silly addNameRange     '2.0.24',
31 silly addNameRange     '2.0.25',
31 silly addNameRange     '2.0.26',
31 silly addNameRange     '2.0.27',
31 silly addNameRange     '2.0.28',
31 silly addNameRange     '2.0.29',
31 silly addNameRange     '1.4.36',
31 silly addNameRange     '2.0.30',
31 silly addNameRange     '1.4.37',
31 silly addNameRange     '2.0.31',
31 silly addNameRange     '1.4.38',
31 silly addNameRange     '2.0.32',
31 silly addNameRange     '2.0.33',
31 silly addNameRange     '2.1.0-alpha',
31 silly addNameRange     '2.0.34',
31 silly addNameRange     '2.0.35' ] ]
32 verbose addNamed [ 'mongodb', '2.0.35' ]
33 verbose addNamed [ '2.0.35', '2.0.35' ]
34 silly lockFile eb47747d-mongodb-2-0-35 mongodb@2.0.35
35 verbose lock mongodb@2.0.35 /home/jiri/.npm/eb47747d-mongodb-2-0-35.lock
36 silly lockFile 0772ae22-s-org-mongodb-mongodb-2-0-35-tgz https://registry.npmjs.org/mongodb/-/mongodb-2.0.35.tgz
37 verbose lock https://registry.npmjs.org/mongodb/-/mongodb-2.0.35.tgz /home/jiri/.npm/0772ae22-s-org-mongodb-mongodb-2-0-35-tgz.lock
38 verbose addRemoteTarball [ 'https://registry.npmjs.org/mongodb/-/mongodb-2.0.35.tgz',
38 verbose addRemoteTarball   '077bdbe50ac935c776f2504ca7e1d72bbdcfd37b' ]
39 info retry fetch attempt 1 at 00:24:38
40 verbose fetch to= /tmp/npm-3602-JSZJ0rsB/registry.npmjs.org/mongodb/-/mongodb-2.0.35.tgz
41 http GET https://registry.npmjs.org/mongodb/-/mongodb-2.0.35.tgz
42 http 200 https://registry.npmjs.org/mongodb/-/mongodb-2.0.35.tgz
43 silly lockFile 0772ae22-s-org-mongodb-mongodb-2-0-35-tgz https://registry.npmjs.org/mongodb/-/mongodb-2.0.35.tgz
44 silly lockFile 0772ae22-s-org-mongodb-mongodb-2-0-35-tgz https://registry.npmjs.org/mongodb/-/mongodb-2.0.35.tgz
45 silly lockFile eb47747d-mongodb-2-0-35 mongodb@2.0.35
46 silly lockFile eb47747d-mongodb-2-0-35 mongodb@2.0.35
47 silly lockFile 886df635-mongodb mongodb@
48 silly lockFile 886df635-mongodb mongodb@
49 error Error: EACCES, mkdir '/home/jiri/.npm/mongodb/2.0.35'
49 error  { [Error: EACCES, mkdir '/home/jiri/.npm/mongodb/2.0.35']
49 error   errno: 3,
49 error   code: 'EACCES',
49 error   path: '/home/jiri/.npm/mongodb/2.0.35' }
50 error Please try running this command again as root/Administrator.
51 error System Linux 3.13.0-55-generic
52 error command "/usr/bin/node" "/usr/bin/npm" "install" "mongodb"
53 error cwd /home/jiri/Code/MouseTracker
54 error node -v v0.10.39
55 error npm -v 1.4.28
56 error path /home/jiri/.npm/mongodb/2.0.35
57 error code EACCES
58 error errno 3
59 error stack Error: EACCES, mkdir '/home/jiri/.npm/mongodb/2.0.35'
60 verbose exit [ 3, true ]
